# JRE version: OpenJDK Runtime Environment Temurin-17.0.13+11 (17.0.13+11) (build 17.0.13+11)
# Java VM: OpenJDK 64-Bit Server VM Temurin-17.0.13+11 (17.0.13+11, mixed mode, tiered, compressed oops, compressed class ptrs, parallel gc, windows-amd64)
GC Precious Log:
 CPUs: 2 total, 2 available
 Memory: 3983M
 Large Page Support: Disabled
 NUMA Support: Disabled
 Compressed Oops: Enabled (32-bit)
 Alignments: Space 512K, Generation 512K, Heap 2M
 Heap Min Capacity: 100M
 Heap Initial Capacity: 100M
 Heap Max Capacity: 1G
 Pre-touch: Disabled
 Parallel Workers: 2
Heap:
 PSYoungGen      total 7168K, used 4830K [0x00000000eab00000, 0x00000000eb380000, 0x0000000100000000)
  eden space 6656K, 64% used [0x00000000eab00000,0x00000000eaf39298,0x00000000eb180000)
  from space 512K, 98% used [0x00000000eb300000,0x00000000eb37e900,0x00000000eb380000)
  to   space 1024K, 0% used [0x00000000eb180000,0x00000000eb180000,0x00000000eb280000)
 ParOldGen       total 173568K, used 147406K [0x00000000c0000000, 0x00000000ca980000, 0x00000000eab00000)
  object space 173568K, 84% used [0x00000000c0000000,0x00000000c8ff39d8,0x00000000ca980000)
 Metaspace       used 104361K, committed 105664K, reserved 1179648K
  class space    used 10244K, committed 10816K, reserved 1048576K
GC Heap History (20 events):
Event: 78108.186 GC heap before
{Heap before GC invocations=6859 (full 150):
 PSYoungGen      total 7168K, used 6778K [0x00000000eab00000, 0x00000000eb380000, 0x0000000100000000)
  eden space 6656K, 100% used [0x00000000eab00000,0x00000000eb180000,0x00000000eb180000)
  from space 512K, 23% used [0x00000000eb300000,0x00000000eb31e910,0x00000000eb380000)
  to   space 512K, 0% used [0x00000000eb280000,0x00000000eb280000,0x00000000eb300000)
 ParOldGen       total 173568K, used 146567K [0x00000000c0000000, 0x00000000ca980000, 0x00000000eab00000)
  object space 173568K, 84% used [0x00000000c0000000,0x00000000c8f21e68,0x00000000ca980000)
 Metaspace       used 104354K, committed 105600K, reserved 1179648K
  class space    used 10244K, committed 10816K, reserved 1048576K
}
Event: 78108.189 GC heap after
{Heap after GC invocations=6859 (full 150):
 PSYoungGen      total 7168K, used 436K [0x00000000eab00000, 0x00000000eb380000, 0x0000000100000000)
  eden space 6656K, 0% used [0x00000000eab00000,0x00000000eab00000,0x00000000eb180000)
  from space 512K, 85% used [0x00000000eb280000,0x00000000eb2ed220,0x00000000eb300000)
  to   space 512K, 0% used [0x00000000eb300000,0x00000000eb300000,0x00000000eb380000)
 ParOldGen       total 173568K, used 146567K [0x00000000c0000000, 0x00000000ca980000, 0x00000000eab00000)
  object space 173568K, 84% used [0x00000000c0000000,0x00000000c8f21e68,0x00000000ca980000)
 Metaspace       used 104354K, committed 105600K, reserved 1179648K
  class space    used 10244K, committed 10816K, reserved 1048576K
}
Event: 78109.405 GC heap before
{Heap before GC invocations=6860 (full 150):
 PSYoungGen      total 7168K, used 7092K [0x00000000eab00000, 0x00000000eb380000, 0x0000000100000000)
  eden space 6656K, 100% used [0x00000000eab00000,0x00000000eb180000,0x00000000eb180000)
  from space 512K, 85% used [0x00000000eb280000,0x00000000eb2ed220,0x00000000eb300000)
  to   space 512K, 0% used [0x00000000eb300000,0x00000000eb300000,0x00000000eb380000)
 ParOldGen       total 173568K, used 146567K [0x00000000c0000000, 0x00000000ca980000, 0x00000000eab00000)
  object space 173568K, 84% used [0x00000000c0000000,0x00000000c8f21e68,0x00000000ca980000)
 Metaspace       used 104355K, committed 105600K, reserved 1179648K
  class space    used 10244K, committed 10816K, reserved 1048576K
}
Event: 78109.408 GC heap after
{Heap after GC invocations=6860 (full 150):
 PSYoungGen      total 7168K, used 128K [0x00000000eab00000, 0x00000000eb380000, 0x0000000100000000)
  eden space 6656K, 0% used [0x00000000eab00000,0x00000000eab00000,0x00000000eb180000)
  from space 512K, 25% used [0x00000000eb300000,0x00000000eb320020,0x00000000eb380000)
  to   space 512K, 0% used [0x00000000eb280000,0x00000000eb280000,0x00000000eb300000)
 ParOldGen       total 173568K, used 146567K [0x00000000c0000000, 0x00000000ca980000, 0x00000000eab00000)
  object space 173568K, 84% used [0x00000000c0000000,0x00000000c8f21e68,0x00000000ca980000)
 Metaspace       used 104355K, committed 105600K, reserved 1179648K
  class space    used 10244K, committed 10816K, reserved 1048576K
}
Event: 78109.444 GC heap before
{Heap before GC invocations=6861 (full 150):
 PSYoungGen      total 7168K, used 6784K [0x00000000eab00000, 0x00000000eb380000, 0x0000000100000000)
  eden space 6656K, 100% used [0x00000000eab00000,0x00000000eb180000,0x00000000eb180000)
  from space 512K, 25% used [0x00000000eb300000,0x00000000eb320020,0x00000000eb380000)
  to   space 512K, 0% used [0x00000000eb280000,0x00000000eb280000,0x00000000eb300000)
 ParOldGen       total 173568K, used 146567K [0x00000000c0000000, 0x00000000ca980000, 0x00000000eab00000)
  object space 173568K, 84% used [0x00000000c0000000,0x00000000c8f21e68,0x00000000ca980000)
 Metaspace       used 104355K, committed 105600K, reserved 1179648K
  class space    used 10244K, committed 10816K, reserved 1048576K
}
Event: 78109.447 GC heap after
{Heap after GC invocations=6861 (full 150):
 PSYoungGen      total 7168K, used 474K [0x00000000eab00000, 0x00000000eb380000, 0x0000000100000000)
  eden space 6656K, 0% used [0x00000000eab00000,0x00000000eab00000,0x00000000eb180000)
  from space 512K, 92% used [0x00000000eb280000,0x00000000eb2f6920,0x00000000eb300000)
  to   space 512K, 0% used [0x00000000eb300000,0x00000000eb300000,0x00000000eb380000)
 ParOldGen       total 173568K, used 146567K [0x00000000c0000000, 0x00000000ca980000, 0x00000000eab00000)
  object space 173568K, 84% used [0x00000000c0000000,0x00000000c8f21e68,0x00000000ca980000)
 Metaspace       used 104355K, committed 105600K, reserved 1179648K
  class space    used 10244K, committed 10816K, reserved 1048576K
}
Event: 78110.788 GC heap before
{Heap before GC invocations=6862 (full 150):
 PSYoungGen      total 7168K, used 7130K [0x00000000eab00000, 0x00000000eb380000, 0x0000000100000000)
  eden space 6656K, 100% used [0x00000000eab00000,0x00000000eb180000,0x00000000eb180000)
  from space 512K, 92% used [0x00000000eb280000,0x00000000eb2f6920,0x00000000eb300000)
  to   space 512K, 0% used [0x00000000eb300000,0x00000000eb300000,0x00000000eb380000)
 ParOldGen       total 173568K, used 146567K [0x00000000c0000000, 0x00000000ca980000, 0x00000000eab00000)
  object space 173568K, 84% used [0x00000000c0000000,0x00000000c8f21e68,0x00000000ca980000)
 Metaspace       used 104355K, committed 105600K, reserved 1179648K
  class space    used 10244K, committed 10816K, reserved 1048576K
}
Event: 78110.792 GC heap after
{Heap after GC invocations=6862 (full 150):
 PSYoungGen      total 7168K, used 436K [0x00000000eab00000, 0x00000000eb380000, 0x0000000100000000)
  eden space 6656K, 0% used [0x00000000eab00000,0x00000000eab00000,0x00000000eb180000)
  from space 512K, 85% used [0x00000000eb300000,0x00000000eb36d220,0x00000000eb380000)
  to   space 512K, 0% used [0x00000000eb280000,0x00000000eb280000,0x00000000eb300000)
 ParOldGen       total 173568K, used 146567K [0x00000000c0000000, 0x00000000ca980000, 0x00000000eab00000)
  object space 173568K, 84% used [0x00000000c0000000,0x00000000c8f21e68,0x00000000ca980000)
 Metaspace       used 104355K, committed 105600K, reserved 1179648K
  class space    used 10244K, committed 10816K, reserved 1048576K
}
Event: 78112.006 GC heap before
{Heap before GC invocations=6863 (full 150):
 PSYoungGen      total 7168K, used 7092K [0x00000000eab00000, 0x00000000eb380000, 0x0000000100000000)
  eden space 6656K, 100% used [0x00000000eab00000,0x00000000eb180000,0x00000000eb180000)
  from space 512K, 85% used [0x00000000eb300000,0x00000000eb36d220,0x00000000eb380000)
  to   space 512K, 0% used [0x00000000eb280000,0x00000000eb280000,0x00000000eb300000)
 ParOldGen       total 173568K, used 146567K [0x00000000c0000000, 0x00000000ca980000, 0x00000000eab00000)
  object space 173568K, 84% used [0x00000000c0000000,0x00000000c8f21e68,0x00000000ca980000)
 Metaspace       used 104360K, committed 105664K, reserved 1179648K
  class space    used 10244K, committed 10816K, reserved 1048576K
}
Event: 78112.008 GC heap after
{Heap after GC invocations=6863 (full 150):
 PSYoungGen      total 7168K, used 250K [0x00000000eab00000, 0x00000000eb380000, 0x0000000100000000)
  eden space 6656K, 0% used [0x00000000eab00000,0x00000000eab00000,0x00000000eb180000)
  from space 512K, 48% used [0x00000000eb280000,0x00000000eb2be920,0x00000000eb300000)
  to   space 512K, 0% used [0x00000000eb300000,0x00000000eb300000,0x00000000eb380000)
 ParOldGen       total 173568K, used 146567K [0x00000000c0000000, 0x00000000ca980000, 0x00000000eab00000)
  object space 173568K, 84% used [0x00000000c0000000,0x00000000c8f21e68,0x00000000ca980000)
 Metaspace       used 104360K, committed 105664K, reserved 1179648K
  class space    used 10244K, committed 10816K, reserved 1048576K
}
Event: 78112.044 GC heap before
{Heap before GC invocations=6864 (full 150):
 PSYoungGen      total 7168K, used 6906K [0x00000000eab00000, 0x00000000eb380000, 0x0000000100000000)
  eden space 6656K, 100% used [0x00000000eab00000,0x00000000eb180000,0x00000000eb180000)
  from space 512K, 48% used [0x00000000eb280000,0x00000000eb2be920,0x00000000eb300000)
  to   space 512K, 0% used [0x00000000eb300000,0x00000000eb300000,0x00000000eb380000)
 ParOldGen       total 173568K, used 146567K [0x00000000c0000000, 0x00000000ca980000, 0x00000000eab00000)
  object space 173568K, 84% used [0x00000000c0000000,0x00000000c8f21e68,0x00000000ca980000)
 Metaspace       used 104360K, committed 105664K, reserved 1179648K
  class space    used 10244K, committed 10816K, reserved 1048576K
}
Event: 78112.048 GC heap after
{Heap after GC invocations=6864 (full 150):
 PSYoungGen      total 7168K, used 506K [0x00000000eab00000, 0x00000000eb380000, 0x0000000100000000)
  eden space 6656K, 0% used [0x00000000eab00000,0x00000000eab00000,0x00000000eb180000)
  from space 512K, 98% used [0x00000000eb300000,0x00000000eb37e920,0x00000000eb380000)
  to   space 1024K, 0% used [0x00000000eb180000,0x00000000eb180000,0x00000000eb280000)
 ParOldGen       total 173568K, used 146567K [0x00000000c0000000, 0x00000000ca980000, 0x00000000eab00000)
  object space 173568K, 84% used [0x00000000c0000000,0x00000000c8f21e68,0x00000000ca980000)
 Metaspace       used 104360K, committed 105664K, reserved 1179648K
  class space    used 10244K, committed 10816K, reserved 1048576K
}
Event: 78112.360 GC heap before
{Heap before GC invocations=6865 (full 150):
 PSYoungGen      total 7168K, used 7162K [0x00000000eab00000, 0x00000000eb380000, 0x0000000100000000)
  eden space 6656K, 100% used [0x00000000eab00000,0x00000000eb180000,0x00000000eb180000)
  from space 512K, 98% used [0x00000000eb300000,0x00000000eb37e920,0x00000000eb380000)
  to   space 1024K, 0% used [0x00000000eb180000,0x00000000eb180000,0x00000000eb280000)
 ParOldGen       total 173568K, used 146567K [0x00000000c0000000, 0x00000000ca980000, 0x00000000eab00000)
  object space 173568K, 84% used [0x00000000c0000000,0x00000000c8f21e68,0x00000000ca980000)
 Metaspace       used 104360K, committed 105664K, reserved 1179648K
  class space    used 10244K, committed 10816K, reserved 1048576K
}
Event: 78112.362 GC heap after
{Heap after GC invocations=6865 (full 150):
 PSYoungGen      total 7680K, used 436K [0x00000000eab00000, 0x00000000eb380000, 0x0000000100000000)
  eden space 6656K, 0% used [0x00000000eab00000,0x00000000eab00000,0x00000000eb180000)
  from space 1024K, 42% used [0x00000000eb180000,0x00000000eb1ed220,0x00000000eb280000)
  to   space 512K, 0% used [0x00000000eb300000,0x00000000eb300000,0x00000000eb380000)
 ParOldGen       total 173568K, used 146567K [0x00000000c0000000, 0x00000000ca980000, 0x00000000eab00000)
  object space 173568K, 84% used [0x00000000c0000000,0x00000000c8f21e68,0x00000000ca980000)
 Metaspace       used 104360K, committed 105664K, reserved 1179648K
  class space    used 10244K, committed 10816K, reserved 1048576K
}
Event: 78112.683 GC heap before
{Heap before GC invocations=6866 (full 150):
 PSYoungGen      total 7680K, used 7092K [0x00000000eab00000, 0x00000000eb380000, 0x0000000100000000)
  eden space 6656K, 99% used [0x00000000eab00000,0x00000000eb17ffe0,0x00000000eb180000)
  from space 1024K, 42% used [0x00000000eb180000,0x00000000eb1ed220,0x00000000eb280000)
  to   space 512K, 0% used [0x00000000eb300000,0x00000000eb300000,0x00000000eb380000)
 ParOldGen       total 173568K, used 146567K [0x00000000c0000000, 0x00000000ca980000, 0x00000000eab00000)
  object space 173568K, 84% used [0x00000000c0000000,0x00000000c8f21e68,0x00000000ca980000)
 Metaspace       used 104360K, committed 105664K, reserved 1179648K
  class space    used 10244K, committed 10816K, reserved 1048576K
}
Event: 78112.685 GC heap after
{Heap after GC invocations=6866 (full 150):
 PSYoungGen      total 7168K, used 212K [0x00000000eab00000, 0x00000000eb380000, 0x0000000100000000)
  eden space 6656K, 0% used [0x00000000eab00000,0x00000000eab00000,0x00000000eb180000)
  from space 512K, 41% used [0x00000000eb300000,0x00000000eb335220,0x00000000eb380000)
  to   space 512K, 0% used [0x00000000eb280000,0x00000000eb280000,0x00000000eb300000)
 ParOldGen       total 173568K, used 146567K [0x00000000c0000000, 0x00000000ca980000, 0x00000000eab00000)
  object space 173568K, 84% used [0x00000000c0000000,0x00000000c8f21e68,0x00000000ca980000)
 Metaspace       used 104360K, committed 105664K, reserved 1179648K
  class space    used 10244K, committed 10816K, reserved 1048576K
}
Event: 78113.865 GC heap before
{Heap before GC invocations=6867 (full 150):
 PSYoungGen      total 7168K, used 6868K [0x00000000eab00000, 0x00000000eb380000, 0x0000000100000000)
  eden space 6656K, 100% used [0x00000000eab00000,0x00000000eb180000,0x00000000eb180000)
  from space 512K, 41% used [0x00000000eb300000,0x00000000eb335220,0x00000000eb380000)
  to   space 512K, 0% used [0x00000000eb280000,0x00000000eb280000,0x00000000eb300000)
 ParOldGen       total 173568K, used 146567K [0x00000000c0000000, 0x00000000ca980000, 0x00000000eab00000)
  object space 173568K, 84% used [0x00000000c0000000,0x00000000c8f21e68,0x00000000ca980000)
 Metaspace       used 104360K, committed 105664K, reserved 1179648K
  class space    used 10244K, committed 10816K, reserved 1048576K
}
Event: 78113.869 GC heap after
{Heap after GC invocations=6867 (full 150):
 PSYoungGen      total 7168K, used 500K [0x00000000eab00000, 0x00000000eb380000, 0x0000000100000000)
  eden space 6656K, 0% used [0x00000000eab00000,0x00000000eab00000,0x00000000eb180000)
  from space 512K, 97% used [0x00000000eb280000,0x00000000eb2fd220,0x00000000eb300000)
  to   space 512K, 0% used [0x00000000eb300000,0x00000000eb300000,0x00000000eb380000)
 ParOldGen       total 173568K, used 146575K [0x00000000c0000000, 0x00000000ca980000, 0x00000000eab00000)
  object space 173568K, 84% used [0x00000000c0000000,0x00000000c8f23e68,0x00000000ca980000)
 Metaspace       used 104360K, committed 105664K, reserved 1179648K
  class space    used 10244K, committed 10816K, reserved 1048576K
}
Event: 78113.987 GC heap before
{Heap before GC invocations=6868 (full 150):
 PSYoungGen      total 7168K, used 7156K [0x00000000eab00000, 0x00000000eb380000, 0x0000000100000000)
  eden space 6656K, 99% used [0x00000000eab00000,0x00000000eb17fff8,0x00000000eb180000)
  from space 512K, 97% used [0x00000000eb280000,0x00000000eb2fd220,0x00000000eb300000)
  to   space 512K, 0% used [0x00000000eb300000,0x00000000eb300000,0x00000000eb380000)
 ParOldGen       total 173568K, used 146575K [0x00000000c0000000, 0x00000000ca980000, 0x00000000eab00000)
  object space 173568K, 84% used [0x00000000c0000000,0x00000000c8f23e68,0x00000000ca980000)
 Metaspace       used 104360K, committed 105664K, reserved 1179648K
  class space    used 10244K, committed 10816K, reserved 1048576K
}
Event: 78113.990 GC heap after
{Heap after GC invocations=6868 (full 150):
 PSYoungGen      total 7168K, used 452K [0x00000000eab00000, 0x00000000eb380000, 0x0000000100000000)
  eden space 6656K, 0% used [0x00000000eab00000,0x00000000eab00000,0x00000000eb180000)
  from space 512K, 88% used [0x00000000eb300000,0x00000000eb371230,0x00000000eb380000)
  to   space 512K, 0% used [0x00000000eb280000,0x00000000eb280000,0x00000000eb300000)
 ParOldGen       total 173568K, used 146583K [0x00000000c0000000, 0x00000000ca980000, 0x00000000eab00000)
  object space 173568K, 84% used [0x00000000c0000000,0x00000000c8f25e68,0x00000000ca980000)
 Metaspace       used 104360K, committed 105664K, reserved 1179648K
  class space    used 10244K, committed 10816K, reserved 1048576K
}

